mode: set
github.com/oofpgDLD/go_skill/algorithm/heap/heap.go:13.39,19.37 2 1
github.com/oofpgDLD/go_skill/algorithm/heap/heap.go:22.2,22.11 1 1
github.com/oofpgDLD/go_skill/algorithm/heap/heap.go:19.37,21.3 1 1
github.com/oofpgDLD/go_skill/algorithm/heap/heap.go:25.40,31.24 2 0
github.com/oofpgDLD/go_skill/algorithm/heap/heap.go:34.2,34.11 1 0
github.com/oofpgDLD/go_skill/algorithm/heap/heap.go:31.24,33.3 1 0
github.com/oofpgDLD/go_skill/algorithm/heap/heap.go:37.36,38.30 1 1
github.com/oofpgDLD/go_skill/algorithm/heap/heap.go:42.2,44.14 3 1
github.com/oofpgDLD/go_skill/algorithm/heap/heap.go:38.30,41.3 1 1
github.com/oofpgDLD/go_skill/algorithm/heap/heap.go:47.32,48.17 1 1
github.com/oofpgDLD/go_skill/algorithm/heap/heap.go:51.2,54.26 4 1
github.com/oofpgDLD/go_skill/algorithm/heap/heap.go:48.17,50.3 1 1
github.com/oofpgDLD/go_skill/algorithm/heap/heap.go:57.26,58.6 1 1
github.com/oofpgDLD/go_skill/algorithm/heap/heap.go:58.6,60.44 2 1
github.com/oofpgDLD/go_skill/algorithm/heap/heap.go:63.3,64.8 2 1
github.com/oofpgDLD/go_skill/algorithm/heap/heap.go:60.44,61.9 1 1
github.com/oofpgDLD/go_skill/algorithm/heap/heap.go:68.28,69.6 1 1
github.com/oofpgDLD/go_skill/algorithm/heap/heap.go:69.6,72.28 2 1
github.com/oofpgDLD/go_skill/algorithm/heap/heap.go:75.3,76.67 2 1
github.com/oofpgDLD/go_skill/algorithm/heap/heap.go:79.3,79.35 1 1
github.com/oofpgDLD/go_skill/algorithm/heap/heap.go:82.3,83.8 2 1
github.com/oofpgDLD/go_skill/algorithm/heap/heap.go:72.28,73.9 1 1
github.com/oofpgDLD/go_skill/algorithm/heap/heap.go:76.67,78.4 1 1
github.com/oofpgDLD/go_skill/algorithm/heap/heap.go:79.35,80.9 1 1
github.com/oofpgDLD/go_skill/algorithm/heap/heap.go:87.31,89.2 1 1
github.com/oofpgDLD/go_skill/algorithm/heap/heap.go:91.31,92.15 1 1
github.com/oofpgDLD/go_skill/algorithm/heap/heap.go:95.2,97.15 3 1
github.com/oofpgDLD/go_skill/algorithm/heap/heap.go:92.15,94.3 1 0
